This is pdfTeX, Version 3.14159265-2.6-1.40.21 (MiKTeX 21.1) (preloaded format=pdflatex 2021.2.16)  18 OCT 2021 12:37
entering extended mode
**"./Brief of an Euler-Bernoulli Beam Solver.tex"
("Brief of an Euler-Bernoulli Beam Solver.tex"
LaTeX2e <2020-10-01> patch level 4
L3 programming layer <2021-02-06> xparse <2020-03-03>
(C:\Users\Zhao\AppData\Local\Programs\MiKTeX\tex/latex/base\article.cls
Document Class: article 2020/04/10 v1.4m Standard LaTeX document class
(C:\Users\Zhao\AppData\Local\Programs\MiKTeX\tex/latex/base\size11.clo
File: size11.clo 2020/04/10 v1.4m Standard LaTeX file (size option)
)
\c@part=\count177
\c@section=\count178
\c@subsection=\count179
\c@subsubsection=\count180
\c@paragraph=\count181
\c@subparagraph=\count182
\c@figure=\count183
\c@table=\count184
\abovecaptionskip=\skip47
\belowcaptionskip=\skip48
\bibindent=\dimen138
)
(C:\Users\Zhao\AppData\Local\Programs\MiKTeX\tex/latex/amsmath\amsmath.sty
Package: amsmath 2020/09/23 v2.17i AMS math features
\@mathmargin=\skip49

For additional information on amsmath, use the `?' option.
(C:\Users\Zhao\AppData\Local\Programs\MiKTeX\tex/latex/amsmath\amstext.sty
Package: amstext 2000/06/29 v2.01 AMS text

(C:\Users\Zhao\AppData\Local\Programs\MiKTeX\tex/latex/amsmath\amsgen.sty
File: amsgen.sty 1999/11/30 v2.0 generic functions
\@emptytoks=\toks15
\ex@=\dimen139
))
(C:\Users\Zhao\AppData\Local\Programs\MiKTeX\tex/latex/amsmath\amsbsy.sty
Package: amsbsy 1999/11/29 v1.2d Bold Symbols
\pmbraise@=\dimen140
)
(C:\Users\Zhao\AppData\Local\Programs\MiKTeX\tex/latex/amsmath\amsopn.sty
Package: amsopn 2016/03/08 v2.02 operator names
)
\inf@bad=\count185
LaTeX Info: Redefining \frac on input line 234.
\uproot@=\count186
\leftroot@=\count187
LaTeX Info: Redefining \overline on input line 399.
\classnum@=\count188
\DOTSCASE@=\count189
LaTeX Info: Redefining \ldots on input line 496.
LaTeX Info: Redefining \dots on input line 499.
LaTeX Info: Redefining \cdots on input line 620.
\Mathstrutbox@=\box47
\strutbox@=\box48
\big@size=\dimen141
LaTeX Font Info:    Redeclaring font encoding OML on input line 743.
LaTeX Font Info:    Redeclaring font encoding OMS on input line 744.
\macc@depth=\count190
\c@MaxMatrixCols=\count191
\dotsspace@=\muskip16
\c@parentequation=\count192
\dspbrk@lvl=\count193
\tag@help=\toks16
\row@=\count194
\column@=\count195
\maxfields@=\count196
\andhelp@=\toks17
\eqnshift@=\dimen142
\alignsep@=\dimen143
\tagshift@=\dimen144
\tagwidth@=\dimen145
\totwidth@=\dimen146
\lineht@=\dimen147
\@envbody=\toks18
\multlinegap=\skip50
\multlinetaggap=\skip51
\mathdisplay@stack=\toks19
LaTeX Info: Redefining \[ on input line 2923.
LaTeX Info: Redefining \] on input line 2924.
)
(C:\Users\Zhao\AppData\Local\Programs\MiKTeX\tex/latex/amsfonts\amsfonts.sty
Package: amsfonts 2013/01/14 v3.01 Basic AMSFonts support
\symAMSa=\mathgroup4
\symAMSb=\mathgroup5
LaTeX Font Info:    Redeclaring math symbol \hbar on input line 98.
LaTeX Font Info:    Overwriting math alphabet `\mathfrak' in version `bold'
(Font)                  U/euf/m/n --> U/euf/b/n on input line 106.
)
(C:\Users\Zhao\AppData\Local\Programs\MiKTeX\tex/latex/amsfonts\amssymb.sty
Package: amssymb 2013/01/14 v3.01 AMS font symbols
)
(C:\Users\Zhao\AppData\Local\Programs\MiKTeX\tex/latex/siunitx\siunitx.sty
(C:\Users\Zhao\AppData\Local\Programs\MiKTeX\tex/latex/l3kernel\expl3.sty
Package: expl3 2021-02-06 L3 programming layer (loader) 

(C:\Users\Zhao\AppData\Local\Programs\MiKTeX\tex/latex/l3backend\l3backend-pdft
ex.def
File: l3backend-pdftex.def 2021-02-06 L3 backend support: PDF output (pdfTeX)
\l__color_backend_stack_int=\count197
\l__pdf_internal_box=\box49
))
(C:\Users\Zhao\AppData\Local\Programs\MiKTeX\tex/latex/l3packages/xparse\xparse
.sty
Package: xparse 2020-10-27 L3 Experimental document command parser

(C:\Users\Zhao\AppData\Local\Programs\MiKTeX\tex/latex/l3packages/xparse\xparse
-generic.tex))
Package: siunitx 2020/02/25 v2.8b A comprehensive (SI) units package

(C:\Users\Zhao\AppData\Local\Programs\MiKTeX\tex/latex/latex-tools\array.sty
Package: array 2020/10/01 v2.5c Tabular extension package (FMi)
\col@sep=\dimen148
\ar@mcellbox=\box50
\extrarowheight=\dimen149
\NC@list=\toks20
\extratabsurround=\skip52
\backup@length=\skip53
\ar@cellbox=\box51
)
(C:\Users\Zhao\AppData\Local\Programs\MiKTeX\tex/latex/l3packages/l3keys2e\l3ke
ys2e.sty
Package: l3keys2e 2020-10-27 LaTeX2e option processing using LaTeX3 keys
)
\l__siunitx_tmp_box=\box52
\l__siunitx_tmp_dim=\dimen150
\l__siunitx_tmp_int=\count198
\l__siunitx_number_mantissa_length_int=\count199
\l__siunitx_number_uncert_length_int=\count266
\l__siunitx_round_int=\count267
\l__siunitx_process_decimal_int=\count268
\l__siunitx_process_uncertainty_int=\count269
\l__siunitx_process_fixed_int=\count270
\l__siunitx_process_integer_min_int=\count271
\l__siunitx_process_precision_int=\count272
\l__siunitx_group_min_int=\count273
\l__siunitx_angle_marker_box=\box53
\l__siunitx_angle_unit_box=\box54
\l__siunitx_angle_marker_dim=\dimen151
\l__siunitx_angle_unit_dim=\dimen152
\l__siunitx_unit_int=\count274
\l__siunitx_unit_denominator_int=\count275
\l__siunitx_unit_numerator_int=\count276
\l__siunitx_unit_prefix_int=\count277
\l__siunitx_unit_prefix_base_int=\count278
\l__siunitx_unit_prefix_gram_int=\count279
\l__siunitx_number_product_int=\count280
\c__siunitx_one_fill_skip=\skip54
\l__siunitx_table_unit_align_skip=\skip55
\l__siunitx_table_exponent_dim=\dimen153
\l__siunitx_table_integer_dim=\dimen154
\l__siunitx_table_mantissa_dim=\dimen155
\l__siunitx_table_marker_dim=\dimen156
\l__siunitx_table_result_dim=\dimen157
\l__siunitx_table_uncert_dim=\dimen158
\l__siunitx_table_fill_pre_dim=\dimen159
\l__siunitx_table_fill_post_dim=\dimen160
\l__siunitx_table_fill_mid_dim=\dimen161
\l__siunitx_table_pre_box=\box55
\l__siunitx_table_post_box=\box56
\l__siunitx_table_mantissa_box=\box57
\l__siunitx_table_result_box=\box58
\l__siunitx_table_number_align_skip=\skip56
\l__siunitx_table_text_align_skip=\skip57

(C:\Users\Zhao\AppData\Local\Programs\MiKTeX\tex/latex/translator\translator.st
y
Package: translator 2020-08-03 v1.12c Easy translation of strings in LaTeX
 (C:\Users\Zhao\AppData\Local\Programs\MiKTeX\tex/latex/graphics\keyval.sty
Package: keyval 2014/10/28 v1.15 key=value parser (DPC)
\KV@toks@=\toks21
))) (C:\Users\Zhao\AppData\Local\Programs\MiKTeX\tex/latex/latex-tools\bm.sty
Package: bm 2019/07/24 v1.2d Bold Symbol Support (DPC/FMi)
\symboldoperators=\mathgroup6
\symboldletters=\mathgroup7
\symboldsymbols=\mathgroup8
LaTeX Font Info:    Redeclaring math alphabet \mathbf on input line 141.
LaTeX Info: Redefining \bm on input line 209.
)
(C:\Users\Zhao\AppData\Local\Programs\MiKTeX\tex/latex/mathtools\mathtools.sty
Package: mathtools 2020/03/24 v1.24 mathematical typesetting tools

(C:\Users\Zhao\AppData\Local\Programs\MiKTeX\tex/latex/latex-tools\calc.sty
Package: calc 2017/05/25 v4.3 Infix arithmetic (KKT,FJ)
\calc@Acount=\count281
\calc@Bcount=\count282
\calc@Adimen=\dimen162
\calc@Bdimen=\dimen163
\calc@Askip=\skip58
\calc@Bskip=\skip59
LaTeX Info: Redefining \setlength on input line 80.
LaTeX Info: Redefining \addtolength on input line 81.
\calc@Ccount=\count283
\calc@Cskip=\skip60
)
(C:\Users\Zhao\AppData\Local\Programs\MiKTeX\tex/latex/mathtools\mhsetup.sty
Package: mhsetup 2017/03/31 v1.3 programming setup (MH)
)
LaTeX Info: Thecontrolsequence`\('isalreadyrobust on input line 130.
LaTeX Info: Thecontrolsequence`\)'isalreadyrobust on input line 130.
LaTeX Info: Thecontrolsequence`\['isalreadyrobust on input line 130.
LaTeX Info: Thecontrolsequence`\]'isalreadyrobust on input line 130.
\g_MT_multlinerow_int=\count284
\l_MT_multwidth_dim=\dimen164
\origjot=\skip61
\l_MT_shortvdotswithinadjustabove_dim=\dimen165
\l_MT_shortvdotswithinadjustbelow_dim=\dimen166
\l_MT_above_intertext_sep=\dimen167
\l_MT_below_intertext_sep=\dimen168
\l_MT_above_shortintertext_sep=\dimen169
\l_MT_below_shortintertext_sep=\dimen170
\xmathstrut@box=\box59
\xmathstrut@dim=\dimen171
)
(C:\Users\Zhao\AppData\Local\Programs\MiKTeX\tex/latex/aspectratio\ar.sty
Package: ar 2012/01/23 v.2.0 Aspect Ratio symbol: CM, TX, PX styles
)
(C:\Users\Zhao\AppData\Local\Programs\MiKTeX\tex/latex/geometry\geometry.sty
Package: geometry 2020/01/02 v5.9 Page Geometry

(C:\Users\Zhao\AppData\Local\Programs\MiKTeX\tex/generic/iftex\ifvtex.sty
Package: ifvtex 2019/10/25 v1.7 ifvtex legacy package. Use iftex instead.

(C:\Users\Zhao\AppData\Local\Programs\MiKTeX\tex/generic/iftex\iftex.sty
Package: iftex 2020/03/06 v1.0d TeX engine tests
))
\Gm@cnth=\count285
\Gm@cntv=\count286
\c@Gm@tempcnt=\count287
\Gm@bindingoffset=\dimen172
\Gm@wd@mp=\dimen173
\Gm@odd@mp=\dimen174
\Gm@even@mp=\dimen175
\Gm@layoutwidth=\dimen176
\Gm@layoutheight=\dimen177
\Gm@layouthoffset=\dimen178
\Gm@layoutvoffset=\dimen179
\Gm@dimlist=\toks22

(C:\Users\Zhao\AppData\Local\Programs\MiKTeX\tex/latex/geometry\geometry.cfg))
(C:\Users\Zhao\AppData\Local\Programs\MiKTeX\tex/latex/tabu\tabu.sty
Package: tabu 2019/01/11 v2.9 - flexible LaTeX tabulars (FC+tabu-fixed)

(C:\Users\Zhao\AppData\Local\Programs\MiKTeX\tex/latex/varwidth\varwidth.sty
Package: varwidth 2009/03/30 ver 0.92;  Variable-width minipages
\@vwid@box=\box60
\sift@deathcycles=\count288
\@vwid@loff=\dimen180
\@vwid@roff=\dimen181
)
\c@taburow=\count289
\tabu@nbcols=\count290
\tabu@cnt=\count291
\tabu@Xcol=\count292
\tabu@alloc=\count293
\tabu@nested=\count294
\tabu@target=\dimen182
\tabu@spreadtarget=\dimen183
\tabu@naturalX=\dimen184
\tabucolX=\dimen185
\tabu@Xsum=\dimen186
\extrarowdepth=\dimen187
\abovetabulinesep=\dimen188
\belowtabulinesep=\dimen189
\tabustrutrule=\dimen190
\tabu@thebody=\toks23
\tabu@footnotes=\toks24
\tabu@box=\box61
\tabu@arstrutbox=\box62
\tabu@hleads=\box63
\tabu@vleads=\box64
\tabu@cellskip=\skip62
)
(C:\Users\Zhao\AppData\Local\Programs\MiKTeX\tex/latex/titlesec\titlesec.sty
Package: titlesec 2019/10/16 v2.13 Sectioning titles
\ttl@box=\box65
\beforetitleunit=\skip63
\aftertitleunit=\skip64
\ttl@plus=\dimen191
\ttl@minus=\dimen192
\ttl@toksa=\toks25
\titlewidth=\dimen193
\titlewidthlast=\dimen194
\titlewidthfirst=\dimen195
)
(C:\Users\Zhao\AppData\Local\Programs\MiKTeX\tex/latex/graphics\graphicx.sty
Package: graphicx 2020/09/09 v1.2b Enhanced LaTeX Graphics (DPC,SPQR)

(C:\Users\Zhao\AppData\Local\Programs\MiKTeX\tex/latex/graphics\graphics.sty
Package: graphics 2020/08/30 v1.4c Standard LaTeX Graphics (DPC,SPQR)

(C:\Users\Zhao\AppData\Local\Programs\MiKTeX\tex/latex/graphics\trig.sty
Package: trig 2016/01/03 v1.10 sin cos tan (DPC)
)
(C:\Users\Zhao\AppData\Local\Programs\MiKTeX\tex/latex/graphics-cfg\graphics.cf
g
File: graphics.cfg 2016/06/04 v1.11 sample graphics configuration
)
Package graphics Info: Driver file: pdftex.def on input line 105.

(C:\Users\Zhao\AppData\Local\Programs\MiKTeX\tex/latex/graphics-def\pdftex.def
File: pdftex.def 2020/10/05 v1.2a Graphics/color driver for pdftex
))
\Gin@req@height=\dimen196
\Gin@req@width=\dimen197
) (C:\Users\Zhao\AppData\Local\Programs\MiKTeX\tex/latex/caption\caption.sty
Package: caption 2020/10/26 v3.5g Customizing captions (AR)

(C:\Users\Zhao\AppData\Local\Programs\MiKTeX\tex/latex/caption\caption3.sty
Package: caption3 2020/10/21 v2.2e caption3 kernel (AR)
\captionmargin=\dimen198
\captionmargin@=\dimen199
\captionwidth=\dimen256
\caption@tempdima=\dimen257
\caption@indent=\dimen258
\caption@parindent=\dimen259
\caption@hangindent=\dimen260
Package caption Info: Standard document class detected.
)
\c@caption@flags=\count295
\c@continuedfloat=\count296
)
(C:\Users\Zhao\AppData\Local\Programs\MiKTeX\tex/latex/caption\subcaption.sty
Package: subcaption 2020/10/07 v1.3j Sub-captions (AR)
\c@subfigure=\count297
\c@subtable=\count298
)
(C:\Users\Zhao\AppData\Local\Programs\MiKTeX\tex/latex/float\float.sty
Package: float 2001/11/08 v1.3d Float enhancements (AL)
\c@float@type=\count299
\float@exts=\toks26
\float@box=\box66
\@float@everytoks=\toks27
\@floatcapt=\box67
)
(C:\Users\Zhao\AppData\Local\Programs\MiKTeX\tex/latex/hyperref\hyperref.sty
Package: hyperref 2021-02-10 v7.00j Hypertext links for LaTeX

(C:\Users\Zhao\AppData\Local\Programs\MiKTeX\tex/generic/ltxcmds\ltxcmds.sty
Package: ltxcmds 2020-05-10 v1.25 LaTeX kernel commands for general use (HO)
)
(C:\Users\Zhao\AppData\Local\Programs\MiKTeX\tex/generic/pdftexcmds\pdftexcmds.
sty
Package: pdftexcmds 2020-06-27 v0.33 Utility functions of pdfTeX for LuaTeX (HO
)

(C:\Users\Zhao\AppData\Local\Programs\MiKTeX\tex/generic/infwarerr\infwarerr.st
y
Package: infwarerr 2019/12/03 v1.5 Providing info/warning/error messages (HO)
)
Package pdftexcmds Info: \pdf@primitive is available.
Package pdftexcmds Info: \pdf@ifprimitive is available.
Package pdftexcmds Info: \pdfdraftmode found.
)
(C:\Users\Zhao\AppData\Local\Programs\MiKTeX\tex/generic/kvsetkeys\kvsetkeys.st
y
Package: kvsetkeys 2019/12/15 v1.18 Key value parser (HO)
)
(C:\Users\Zhao\AppData\Local\Programs\MiKTeX\tex/generic/kvdefinekeys\kvdefinek
eys.sty
Package: kvdefinekeys 2019-12-19 v1.6 Define keys (HO)
)
(C:\Users\Zhao\AppData\Local\Programs\MiKTeX\tex/generic/pdfescape\pdfescape.st
y
Package: pdfescape 2019/12/09 v1.15 Implements pdfTeX's escape features (HO)
) (C:\Users\Zhao\AppData\Local\Programs\MiKTeX\tex/latex/hycolor\hycolor.sty
Package: hycolor 2020-01-27 v1.10 Color options for hyperref/bookmark (HO)
)
(C:\Users\Zhao\AppData\Local\Programs\MiKTeX\tex/latex/letltxmacro\letltxmacro.
sty
Package: letltxmacro 2019/12/03 v1.6 Let assignment for LaTeX macros (HO)
) (C:\Users\Zhao\AppData\Local\Programs\MiKTeX\tex/latex/auxhook\auxhook.sty
Package: auxhook 2019-12-17 v1.6 Hooks for auxiliary files (HO)
)
(C:\Users\Zhao\AppData\Local\Programs\MiKTeX\tex/latex/kvoptions\kvoptions.sty
Package: kvoptions 2020-10-07 v3.14 Key value format for package options (HO)
)
\@linkdim=\dimen261
\Hy@linkcounter=\count300
\Hy@pagecounter=\count301
(C:\Users\Zhao\AppData\Local\Programs\MiKTeX\tex/latex/hyperref\pd1enc.def
File: pd1enc.def 2021-02-10 v7.00j Hyperref: PDFDocEncoding definition (HO)
Now handling font encoding PD1 ...
... no UTF-8 mapping file for font encoding PD1
)
(C:\Users\Zhao\AppData\Local\Programs\MiKTeX\tex/latex/hyperref\hyperref-langpa
tches.def
File: hyperref-langpatches.def 2021-02-10 v7.00j Hyperref: patches for babel la
nguages
)
(C:\Users\Zhao\AppData\Local\Programs\MiKTeX\tex/generic/intcalc\intcalc.sty
Package: intcalc 2019/12/15 v1.3 Expandable calculations with integers (HO)
)
(C:\Users\Zhao\AppData\Local\Programs\MiKTeX\tex/generic/etexcmds\etexcmds.sty
Package: etexcmds 2019/12/15 v1.7 Avoid name clashes with e-TeX commands (HO)
)
\Hy@SavedSpaceFactor=\count302
(C:\Users\Zhao\AppData\Local\Programs\MiKTeX\tex/latex/hyperref\puenc.def
File: puenc.def 2021-02-10 v7.00j Hyperref: PDF Unicode definition (HO)
Now handling font encoding PU ...
... no UTF-8 mapping file for font encoding PU
)
Package hyperref Info: Hyper figures OFF on input line 4192.
Package hyperref Info: Link nesting OFF on input line 4197.
Package hyperref Info: Hyper index ON on input line 4200.
Package hyperref Info: Plain pages OFF on input line 4207.
Package hyperref Info: Backreferencing OFF on input line 4212.
Package hyperref Info: Implicit mode ON; LaTeX internals redefined.
Package hyperref Info: Bookmarks ON on input line 4445.
\c@Hy@tempcnt=\count303

(C:\Users\Zhao\AppData\Local\Programs\MiKTeX\tex/latex/url\url.sty
\Urlmuskip=\muskip17
Package: url 2013/09/16  ver 3.4  Verb mode for urls, etc.
)
LaTeX Info: Redefining \url on input line 4804.
\XeTeXLinkMargin=\dimen262

(C:\Users\Zhao\AppData\Local\Programs\MiKTeX\tex/generic/bitset\bitset.sty
Package: bitset 2019/12/09 v1.3 Handle bit-vector datatype (HO)

(C:\Users\Zhao\AppData\Local\Programs\MiKTeX\tex/generic/bigintcalc\bigintcalc.
sty
Package: bigintcalc 2019/12/15 v1.5 Expandable calculations on big integers (HO
)
))
\Fld@menulength=\count304
\Field@Width=\dimen263
\Fld@charsize=\dimen264
Package hyperref Info: Hyper figures OFF on input line 6075.
Package hyperref Info: Link nesting OFF on input line 6080.
Package hyperref Info: Hyper index ON on input line 6083.
Package hyperref Info: backreferencing OFF on input line 6090.
Package hyperref Info: Link coloring OFF on input line 6095.
Package hyperref Info: Link coloring with OCG OFF on input line 6100.
Package hyperref Info: PDF/A mode OFF on input line 6105.
LaTeX Info: Redefining \ref on input line 6145.
LaTeX Info: Redefining \pageref on input line 6149.

(C:\Users\Zhao\AppData\Local\Programs\MiKTeX\tex/latex/base\atbegshi-ltx.sty
Package: atbegshi-ltx 2020/08/17 v1.0a Emulation of the original atbegshi packa
ge
with kernel methods
)
\Hy@abspage=\count305
\c@Item=\count306
\c@Hfootnote=\count307
)
Package hyperref Info: Driver (autodetected): hpdftex.

(C:\Users\Zhao\AppData\Local\Programs\MiKTeX\tex/latex/hyperref\hpdftex.def
File: hpdftex.def 2021-02-10 v7.00j Hyperref driver for pdfTeX

(C:\Users\Zhao\AppData\Local\Programs\MiKTeX\tex/latex/base\atveryend-ltx.sty
Package: atveryend-ltx 2020/08/19 v1.0a Emulation of the original atvery packag
e
with kernel methods
)
\Fld@listcount=\count308
\c@bookmark@seq@number=\count309

(C:\Users\Zhao\AppData\Local\Programs\MiKTeX\tex/latex/rerunfilecheck\rerunfile
check.sty
Package: rerunfilecheck 2019/12/05 v1.9 Rerun checks for auxiliary files (HO)

(C:\Users\Zhao\AppData\Local\Programs\MiKTeX\tex/generic/uniquecounter\uniqueco
unter.sty
Package: uniquecounter 2019/12/15 v1.4 Provide unlimited unique counter (HO)
)
Package uniquecounter Info: New unique counter `rerunfilecheck' on input line 2
86.
)
\Hy@SectionHShift=\skip65
) ("Brief of an Euler-Bernoulli Beam Solver.aux")
\openout1 = `"Brief of an Euler-Bernoulli Beam Solver.aux"'.

LaTeX Font Info:    Checking defaults for OML/cmm/m/it on input line 55.
LaTeX Font Info:    ... okay on input line 55.
LaTeX Font Info:    Checking defaults for OMS/cmsy/m/n on input line 55.
LaTeX Font Info:    ... okay on input line 55.
LaTeX Font Info:    Checking defaults for OT1/cmr/m/n on input line 55.
LaTeX Font Info:    ... okay on input line 55.
LaTeX Font Info:    Checking defaults for T1/cmr/m/n on input line 55.
LaTeX Font Info:    ... okay on input line 55.
LaTeX Font Info:    Checking defaults for TS1/cmr/m/n on input line 55.
LaTeX Font Info:    ... okay on input line 55.
LaTeX Font Info:    Checking defaults for OMX/cmex/m/n on input line 55.
LaTeX Font Info:    ... okay on input line 55.
LaTeX Font Info:    Checking defaults for U/cmr/m/n on input line 55.
LaTeX Font Info:    ... okay on input line 55.
LaTeX Font Info:    Checking defaults for PD1/pdf/m/n on input line 55.
LaTeX Font Info:    ... okay on input line 55.
LaTeX Font Info:    Checking defaults for PU/pdf/m/n on input line 55.
LaTeX Font Info:    ... okay on input line 55.

(C:\Users\Zhao\AppData\Local\Programs\MiKTeX\tex/latex/siunitx\siunitx-abbrevia
tions.cfg
File: siunitx-abbreviations.cfg 2017/11/26 v2.7k siunitx: Abbreviated units
)
(C:\Users\Zhao\AppData\Local\Programs\MiKTeX\tex/latex/translator\translator-ba
sic-dictionary-English.dict
Dictionary: translator-basic-dictionary, Language: English 
)
*geometry* driver: auto-detecting
*geometry* detected driver: pdftex
*geometry* verbose mode - [ preamble ] result:
* driver: pdftex
* paper: a4paper
* layout: <same size as paper>
* layoutoffset:(h,v)=(0.0pt,0.0pt)
* modes: 
* h-part:(L,W,R)=(56.9055pt, 483.69687pt, 56.9055pt)
* v-part:(T,H,B)=(42.67912pt, 759.6886pt, 42.67912pt)
* \paperwidth=597.50787pt
* \paperheight=845.04684pt
* \textwidth=483.69687pt
* \textheight=759.6886pt
* \oddsidemargin=-15.36449pt
* \evensidemargin=-15.36449pt
* \topmargin=-66.59087pt
* \headheight=12.0pt
* \headsep=25.0pt
* \topskip=11.0pt
* \footskip=30.0pt
* \marginparwidth=50.0pt
* \marginparsep=10.0pt
* \columnsep=10.0pt
* \skip\footins=10.0pt plus 4.0pt minus 2.0pt
* \hoffset=0.0pt
* \voffset=0.0pt
* \mag=1000
* \@twocolumnfalse
* \@twosidefalse
* \@mparswitchfalse
* \@reversemarginfalse
* (1in=72.27pt=25.4mm, 1cm=28.453pt)


(C:\Users\Zhao\AppData\Local\Programs\MiKTeX\tex/context/base/mkii\supp-pdf.mki
i
[Loading MPS to PDF converter (version 2006.09.02).]
\scratchcounter=\count310
\scratchdimen=\dimen265
\scratchbox=\box68
\nofMPsegments=\count311
\nofMParguments=\count312
\everyMPshowfont=\toks28
\MPscratchCnt=\count313
\MPscratchDim=\dimen266
\MPnumerator=\count314
\makeMPintoPDFobject=\count315
\everyMPtoPDFconversion=\toks29
)
(C:\Users\Zhao\AppData\Local\Programs\MiKTeX\tex/latex/epstopdf-pkg\epstopdf-ba
se.sty
Package: epstopdf-base 2020-01-24 v2.11 Base part for package epstopdf
Package epstopdf-base Info: Redefining graphics rule for `.eps' on input line 4
85.
)
Package caption Info: Begin \AtBeginDocument code.
Package caption Info: float package is loaded.
Package caption Info: hyperref package is loaded.
Package caption Info: End \AtBeginDocument code.
Package hyperref Info: Link coloring OFF on input line 55.

(C:\Users\Zhao\AppData\Local\Programs\MiKTeX\tex/latex/hyperref\nameref.sty
Package: nameref 2021-04-02 v2.47 Cross-referencing by name of section

(C:\Users\Zhao\AppData\Local\Programs\MiKTeX\tex/latex/refcount\refcount.sty
Package: refcount 2019/12/15 v3.6 Data extraction from label references (HO)
)
(C:\Users\Zhao\AppData\Local\Programs\MiKTeX\tex/generic/gettitlestring\gettitl
estring.sty
Package: gettitlestring 2019/12/15 v1.6 Cleanup title references (HO)
)
\c@section@level=\count316
)
LaTeX Info: Redefining \ref on input line 55.
LaTeX Info: Redefining \pageref on input line 55.
LaTeX Info: Redefining \nameref on input line 55.
 ("Brief of an Euler-Bernoulli Beam Solver.out")
("Brief of an Euler-Bernoulli Beam Solver.out")
\@outlinefile=\write3
\openout3 = `"Brief of an Euler-Bernoulli Beam Solver.out"'.

LaTeX Font Info:    Trying to load font information for U+msa on input line 55.


(C:\Users\Zhao\AppData\Local\Programs\MiKTeX\tex/latex/amsfonts\umsa.fd
File: umsa.fd 2013/01/14 v3.01 AMS symbols A
)
LaTeX Font Info:    Trying to load font information for U+msb on input line 55.


(C:\Users\Zhao\AppData\Local\Programs\MiKTeX\tex/latex/amsfonts\umsb.fd
File: umsb.fd 2013/01/14 v3.01 AMS symbols B
)
Underfull \hbox (badness 10000) in paragraph at lines 65--67

 []

[1

{C:/Users/Zhao/AppData/Local/MiKTeX/pdftex/config/pdftex.map}]
<sign_convention.png, id=64, 456.20438pt x 204.765pt>
File: sign_convention.png Graphic file (type png)
<use sign_convention.png>
Package pdftex.def Info: sign_convention.png  used on input line 101.
(pdftex.def)             Requested size: 364.96399pt x 163.8122pt.
pdfTeX warning (ext4): destination with the same identifier (name{page.1}) has 
been already used, duplicate ignored
<to be read again> 
                   \relax 
l.107 \newpage
               [1 <./sign_convention.png>]

Package hyperref Warning: Token not allowed in a PDF string (Unicode):
(hyperref)                removing `math shift' on input line 124.


Package hyperref Warning: Token not allowed in a PDF string (Unicode):
(hyperref)                removing `math shift' on input line 124.

[2]

Package hyperref Warning: Token not allowed in a PDF string (Unicode):
(hyperref)                removing `math shift' on input line 146.


Package hyperref Warning: Token not allowed in a PDF string (Unicode):
(hyperref)                removing `math shift' on input line 146.


Underfull \hbox (badness 10000) in paragraph at lines 147--150

 []


Package hyperref Warning: Token not allowed in a PDF string (Unicode):
(hyperref)                removing `math shift' on input line 164.


Package hyperref Warning: Token not allowed in a PDF string (Unicode):
(hyperref)                removing `math shift' on input line 164.

[3]
Underfull \hbox (badness 10000) in paragraph at lines 193--198

 []


Underfull \hbox (badness 10000) in paragraph at lines 193--198

 []


Underfull \hbox (badness 10000) in paragraph at lines 199--202

 []

[4] ("Brief of an Euler-Bernoulli Beam Solver.aux")
Package rerunfilecheck Info: File `"Brief of an Euler-Bernoulli Beam Solver".ou
t' has not changed.
(rerunfilecheck)             Checksum: B366281A89CA51F3CB26E12E5828A2BC;2163.
 ) 
Here is how much of TeX's memory you used:
 14898 strings out of 479616
 259370 string characters out of 2865476
 546875 words of memory out of 3000000
 31826 multiletter control sequences out of 15000+200000
 416755 words of font info for 76 fonts, out of 3000000 for 9000
 1141 hyphenation exceptions out of 8191
 71i,11n,75p,885b,769s stack positions out of 5000i,500n,10000p,200000b,50000s
<C:/Users/Zhao/AppData/Local/Programs/MiKTeX/fonts/type1/public/amsfonts/cm/c
mbx10.pfb><C:/Users/Zhao/AppData/Local/Programs/MiKTeX/fonts/type1/public/amsfo
nts/cm/cmbx12.pfb><C:/Users/Zhao/AppData/Local/Programs/MiKTeX/fonts/type1/publ
ic/amsfonts/cm/cmex10.pfb><C:/Users/Zhao/AppData/Local/Programs/MiKTeX/fonts/ty
pe1/public/amsfonts/cm/cmmi10.pfb><C:/Users/Zhao/AppData/Local/Programs/MiKTeX/
fonts/type1/public/amsfonts/cm/cmmi12.pfb><C:/Users/Zhao/AppData/Local/Programs
/MiKTeX/fonts/type1/public/amsfonts/cm/cmmi6.pfb><C:/Users/Zhao/AppData/Local/P
rograms/MiKTeX/fonts/type1/public/amsfonts/cm/cmmi8.pfb><C:/Users/Zhao/AppData/
Local/Programs/MiKTeX/fonts/type1/public/amsfonts/cm/cmr10.pfb><C:/Users/Zhao/A
ppData/Local/Programs/MiKTeX/fonts/type1/public/amsfonts/cm/cmr12.pfb><C:/Users
/Zhao/AppData/Local/Programs/MiKTeX/fonts/type1/public/amsfonts/cm/cmr8.pfb><C:
/Users/Zhao/AppData/Local/Programs/MiKTeX/fonts/type1/public/amsfonts/cm/cmsy10
.pfb><C:/Users/Zhao/AppData/Local/Programs/MiKTeX/fonts/type1/public/amsfonts/c
m/cmsy6.pfb><C:/Users/Zhao/AppData/Local/Programs/MiKTeX/fonts/type1/public/ams
fonts/cm/cmti10.pfb>
Output written on "Brief of an Euler-Bernoulli Beam Solver.pdf" (5 pages, 20035
5 bytes).
PDF statistics:
 173 PDF objects out of 1000 (max. 8388607)
 48 named destinations out of 1000 (max. 500000)
 110 words of extra memory for PDF output out of 10000 (max. 10000000)

